[01:52:27] [User Authenticator #10/INFO]: UUID of player linkboy64 is cf902249-c8c6-4dc0-a928-dcc729aab76c
[01:52:27] [Server thread/INFO]: linkboy64[/97.80.112.74:53308] logged in with entity id 959263 at (-284.63785380928255, 63.875, 336.94090407541677)
[01:52:27] [Server thread/INFO]: linkboy64 joined the game
[02:22:37] [Server thread/INFO]: linkboy64 burned to death
[03:20:45] [Server thread/INFO]: linkboy64 lost connection: TextComponent{text='Disconnected', siblings=[], style=Style{hasParent=false, color=null, bold=null, italic=null, underlined=null, obfuscated=null, clickEvent=null, hoverEvent=null, insertion=null}}
[03:20:45] [Server thread/INFO]: linkboy64 left the game
[03:40:41] [User Authenticator #11/INFO]: UUID of player DrDenmoza is ed55057c-cc25-467f-8f91-b67b65424f45
[03:40:41] [Server thread/INFO]: DrDenmoza[/71.234.178.184:38395] logged in with entity id 1053057 at (-326.93251653064465, 103.0, 209.71759925155908)
[03:40:41] [Server thread/INFO]: DrDenmoza joined the game
[03:42:30] [User Authenticator #12/INFO]: UUID of player zachripp2012 is 06cfd88a-a03e-478e-8f30-ca6373c8cb7e
[03:42:30] [Server thread/INFO]: zachripp2012[/71.127.12.9:55701] logged in with entity id 1055371 at (-371.3508882210251, 103.0, 267.1290422075671)
[03:42:30] [Server thread/INFO]: zachripp2012 joined the game
[03:50:45] [Server thread/INFO]: zachripp2012 lost connection: TextComponent{text='Disconnected', siblings=[], style=Style{hasParent=false, color=null, bold=null, italic=null, underlined=null, obfuscated=null, clickEvent=null, hoverEvent=null, insertion=null}}
[03:50:45] [Server thread/INFO]: zachripp2012 left the game
[04:45:36] [User Authenticator #13/INFO]: UUID of player zachripp2012 is 06cfd88a-a03e-478e-8f30-ca6373c8cb7e
[04:45:36] [Server thread/INFO]: zachripp2012[/71.127.12.9:58842] logged in with entity id 1121337 at (-327.0882724631748, 95.0, 188.24694547067676)
[04:45:36] [Server thread/INFO]: zachripp2012 joined the game
[05:14:05] [Server thread/INFO]: DrDenmoza has just earned the achievement [Librarian]
[05:14:23] [Server thread/WARN]: zachripp2012 moved wrongly!
[05:20:30] [Server thread/INFO]: zachripp2012 was shot by Skeleton
[05:20:56] [Server thread/INFO]: zachripp2012 fell from a high place
[05:33:31] [Server thread/INFO]: zachripp2012 lost connection: TextComponent{text='Disconnected', siblings=[], style=Style{hasParent=false, color=null, bold=null, italic=null, underlined=null, obfuscated=null, clickEvent=null, hoverEvent=null, insertion=null}}
[05:33:31] [Server thread/INFO]: zachripp2012 left the game
[06:29:08] [Server thread/INFO]: DrDenmoza lost connection: TextComponent{text='Disconnected', siblings=[], style=Style{hasParent=false, color=null, bold=null, italic=null, underlined=null, obfuscated=null, clickEvent=null, hoverEvent=null, insertion=null}}
[06:29:08] [Server thread/INFO]: DrDenmoza left the game
[07:34:44] [Server Shutdown Thread/INFO]: Stopping server
